# JRE version: OpenJDK Runtime Environment (8.0_212-b04) (build 1.8.0_212-release-1586-b04)
# Java VM: OpenJDK 64-Bit Server VM (25.212-b04 mixed mode windows-amd64 compressed oops)
Heap:
 PSYoungGen      total 227840K, used 83502K [0x00000000e0000000, 0x00000000f4400000, 0x0000000100000000)
  eden space 180736K, 20% used [0x00000000e0000000,0x00000000e2390e58,0x00000000eb080000)
  from space 47104K, 99% used [0x00000000eb080000,0x00000000ede7a9e0,0x00000000ede80000)
  to   space 64000K, 0% used [0x00000000f0580000,0x00000000f0580000,0x00000000f4400000)
 ParOldGen       total 288256K, used 95970K [0x00000000a0000000, 0x00000000b1980000, 0x00000000e0000000)
  object space 288256K, 33% used [0x00000000a0000000,0x00000000a5db89d0,0x00000000b1980000)
 Metaspace       used 92445K, capacity 96802K, committed 96936K, reserved 1132544K
  class space    used 12113K, capacity 12947K, committed 12968K, reserved 1048576K
GC Heap History (10 events):
Event: 28.890 GC heap before
{Heap before GC invocations=16 (full 3):
 PSYoungGen      total 167936K, used 167918K [0x00000000e0000000, 0x00000000ebf80000, 0x0000000100000000)
  eden space 147968K, 100% used [0x00000000e0000000,0x00000000e9080000,0x00000000e9080000)
  from space 19968K, 99% used [0x00000000ea700000,0x00000000eba7bbe8,0x00000000eba80000)
  to   space 23040K, 0% used [0x00000000e9080000,0x00000000e9080000,0x00000000ea700000)
 ParOldGen       total 288256K, used 35398K [0x00000000a0000000, 0x00000000b1980000, 0x00000000e0000000)
  object space 288256K, 12% used [0x00000000a0000000,0x00000000a2291ad0,0x00000000b1980000)
 Metaspace       used 70431K, capacity 73146K, committed 73256K, reserved 1112064K
  class space    used 9403K, capacity 9973K, committed 10024K, reserved 1048576K
Event: 28.920 GC heap after
Heap after GC invocations=16 (full 3):
 PSYoungGen      total 171008K, used 23012K [0x00000000e0000000, 0x00000000ee100000, 0x0000000100000000)
  eden space 147968K, 0% used [0x00000000e0000000,0x00000000e0000000,0x00000000e9080000)
  from space 23040K, 99% used [0x00000000e9080000,0x00000000ea6f9360,0x00000000ea700000)
  to   space 27136K, 0% used [0x00000000ec680000,0x00000000ec680000,0x00000000ee100000)
 ParOldGen       total 288256K, used 39301K [0x00000000a0000000, 0x00000000b1980000, 0x00000000e0000000)
  object space 288256K, 13% used [0x00000000a0000000,0x00000000a26617e0,0x00000000b1980000)
 Metaspace       used 70431K, capacity 73146K, committed 73256K, reserved 1112064K
  class space    used 9403K, capacity 9973K, committed 10024K, reserved 1048576K
}
Event: 357.923 GC heap before
{Heap before GC invocations=17 (full 3):
 PSYoungGen      total 171008K, used 170980K [0x00000000e0000000, 0x00000000ee100000, 0x0000000100000000)
  eden space 147968K, 100% used [0x00000000e0000000,0x00000000e9080000,0x00000000e9080000)
  from space 23040K, 99% used [0x00000000e9080000,0x00000000ea6f9360,0x00000000ea700000)
  to   space 27136K, 0% used [0x00000000ec680000,0x00000000ec680000,0x00000000ee100000)
 ParOldGen       total 288256K, used 39301K [0x00000000a0000000, 0x00000000b1980000, 0x00000000e0000000)
  object space 288256K, 13% used [0x00000000a0000000,0x00000000a26617e0,0x00000000b1980000)
 Metaspace       used 75608K, capacity 78808K, committed 79016K, reserved 1118208K
  class space    used 9882K, capacity 10550K, committed 10664K, reserved 1048576K
Event: 357.974 GC heap after
Heap after GC invocations=17 (full 3):
 PSYoungGen      total 192512K, used 27121K [0x00000000e0000000, 0x00000000ef100000, 0x0000000100000000)
  eden space 165376K, 0% used [0x00000000e0000000,0x00000000e0000000,0x00000000ea180000)
  from space 27136K, 99% used [0x00000000ec680000,0x00000000ee0fc5c8,0x00000000ee100000)
  to   space 37888K, 0% used [0x00000000ea180000,0x00000000ea180000,0x00000000ec680000)
 ParOldGen       total 288256K, used 58408K [0x00000000a0000000, 0x00000000b1980000, 0x00000000e0000000)
  object space 288256K, 20% used [0x00000000a0000000,0x00000000a390a2c0,0x00000000b1980000)
 Metaspace       used 75608K, capacity 78808K, committed 79016K, reserved 1118208K
  class space    used 9882K, capacity 10550K, committed 10664K, reserved 1048576K
}
Event: 371.142 GC heap before
{Heap before GC invocations=18 (full 3):
 PSYoungGen      total 192512K, used 192497K [0x00000000e0000000, 0x00000000ef100000, 0x0000000100000000)
  eden space 165376K, 100% used [0x00000000e0000000,0x00000000ea180000,0x00000000ea180000)
  from space 27136K, 99% used [0x00000000ec680000,0x00000000ee0fc5c8,0x00000000ee100000)
  to   space 37888K, 0% used [0x00000000ea180000,0x00000000ea180000,0x00000000ec680000)
 ParOldGen       total 288256K, used 58408K [0x00000000a0000000, 0x00000000b1980000, 0x00000000e0000000)
  object space 288256K, 20% used [0x00000000a0000000,0x00000000a390a2c0,0x00000000b1980000)
 Metaspace       used 77931K, capacity 81372K, committed 81576K, reserved 1120256K
  class space    used 10156K, capacity 10884K, committed 10920K, reserved 1048576K
Event: 371.199 GC heap after
Heap after GC invocations=18 (full 3):
 PSYoungGen      total 203264K, used 27494K [0x00000000e0000000, 0x00000000f0500000, 0x0000000100000000)
  eden space 165376K, 0% used [0x00000000e0000000,0x00000000e0000000,0x00000000ea180000)
  from space 37888K, 72% used [0x00000000ea180000,0x00000000ebc59a70,0x00000000ec680000)
  to   space 39424K, 0% used [0x00000000ede80000,0x00000000ede80000,0x00000000f0500000)
 ParOldGen       total 288256K, used 64680K [0x00000000a0000000, 0x00000000b1980000, 0x00000000e0000000)
  object space 288256K, 22% used [0x00000000a0000000,0x00000000a3f2a330,0x00000000b1980000)
 Metaspace       used 77931K, capacity 81372K, committed 81576K, reserved 1120256K
  class space    used 10156K, capacity 10884K, committed 10920K, reserved 1048576K
}
Event: 376.270 GC heap before
{Heap before GC invocations=19 (full 3):
 PSYoungGen      total 203264K, used 192870K [0x00000000e0000000, 0x00000000f0500000, 0x0000000100000000)
  eden space 165376K, 100% used [0x00000000e0000000,0x00000000ea180000,0x00000000ea180000)
  from space 37888K, 72% used [0x00000000ea180000,0x00000000ebc59a70,0x00000000ec680000)
  to   space 39424K, 0% used [0x00000000ede80000,0x00000000ede80000,0x00000000f0500000)
 ParOldGen       total 288256K, used 64696K [0x00000000a0000000, 0x00000000b1980000, 0x00000000e0000000)
  object space 288256K, 22% used [0x00000000a0000000,0x00000000a3f2e350,0x00000000b1980000)
 Metaspace       used 83605K, capacity 87108K, committed 87208K, reserved 1124352K
  class space    used 10851K, capacity 11588K, committed 11688K, reserved 1048576K
Event: 376.377 GC heap after
Heap after GC invocations=19 (full 3):
 PSYoungGen      total 220160K, used 39394K [0x00000000e0000000, 0x00000000f1b00000, 0x0000000100000000)
  eden space 180736K, 0% used [0x00000000e0000000,0x00000000e0000000,0x00000000eb080000)
  from space 39424K, 99% used [0x00000000ede80000,0x00000000f04f8918,0x00000000f0500000)
  to   space 47104K, 0% used [0x00000000eb080000,0x00000000eb080000,0x00000000ede80000)
 ParOldGen       total 288256K, used 69577K [0x00000000a0000000, 0x00000000b1980000, 0x00000000e0000000)
  object space 288256K, 24% used [0x00000000a0000000,0x00000000a43f2690,0x00000000b1980000)
 Metaspace       used 83605K, capacity 87108K, committed 87208K, reserved 1124352K
  class space    used 10851K, capacity 11588K, committed 11688K, reserved 1048576K
}
Event: 381.799 GC heap before
{Heap before GC invocations=20 (full 3):
 PSYoungGen      total 220160K, used 220130K [0x00000000e0000000, 0x00000000f1b00000, 0x0000000100000000)
  eden space 180736K, 100% used [0x00000000e0000000,0x00000000eb080000,0x00000000eb080000)
  from space 39424K, 99% used [0x00000000ede80000,0x00000000f04f8918,0x00000000f0500000)
  to   space 47104K, 0% used [0x00000000eb080000,0x00000000eb080000,0x00000000ede80000)
 ParOldGen       total 288256K, used 69643K [0x00000000a0000000, 0x00000000b1980000, 0x00000000e0000000)
  object space 288256K, 24% used [0x00000000a0000000,0x00000000a4402e68,0x00000000b1980000)
 Metaspace       used 91319K, capacity 95502K, committed 95784K, reserved 1132544K
  class space    used 11907K, capacity 12733K, committed 12840K, reserved 1048576K
Event: 381.876 GC heap after
Heap after GC invocations=20 (full 3):
 PSYoungGen      total 227840K, used 47082K [0x00000000e0000000, 0x00000000f4400000, 0x0000000100000000)
  eden space 180736K, 0% used [0x00000000e0000000,0x00000000e0000000,0x00000000eb080000)
  from space 47104K, 99% used [0x00000000eb080000,0x00000000ede7a9e0,0x00000000ede80000)
  to   space 64000K, 0% used [0x00000000f0580000,0x00000000f0580000,0x00000000f4400000)
 ParOldGen       total 288256K, used 95970K [0x00000000a0000000, 0x00000000b1980000, 0x00000000e0000000)
  object space 288256K, 33% used [0x00000000a0000000,0x00000000a5db89d0,0x00000000b1980000)
 Metaspace       used 91319K, capacity 95502K, committed 95784K, reserved 1132544K
  class space    used 11907K, capacity 12733K, committed 12840K, reserved 1048576K
}

